Arguments: 
  C:\Program Files\nodejs\node.exe C:\Program Files\nodejs\node_modules\yarn\bin\yarn.js

PATH: 
  C:\WINDOWS\system32;C:\WINDOWS;C:\WINDOWS\System32\Wbem;C:\WINDOWS\System32\WindowsPowerShell\v1.0\;C:\WINDOWS\System32\OpenSSH\;C:\Users\leore\AppData\Roaming\nvm;C:\Program Files\nodejs;C:\Program Files\Git\cmd;C:\Users\leore\AppData\Local\Microsoft\WindowsApps;C:\Users\leore\AppData\Roaming\nvm;C:\Program Files\nodejs;C:\Users\leore\AppData\Local\Programs\Microsoft VS Code\bin

Yarn version: 
  1.22.19

Node version: 
  13.12.0

Platform: 
  win32 x64

Trace: 
  Error: https://registry.yarnpkg.com/@material-ui/icons/-/icons-4.9.1.tgz: ESOCKETTIMEDOUT
      at ClientRequest.<anonymous> (C:\Users\leore\AppData\Roaming\nvm\v13.12.0\node_modules\yarn\lib\cli.js:141517:19)
      at Object.onceWrapper (events.js:421:28)
      at ClientRequest.emit (events.js:315:20)
      at TLSSocket.emitRequestTimeout (_http_client.js:721:9)
      at Object.onceWrapper (events.js:421:28)
      at TLSSocket.emit (events.js:327:22)
      at TLSSocket.Socket._onTimeout (net.js:481:8)
      at listOnTimeout (internal/timers.js:549:17)
      at processTimers (internal/timers.js:492:7)

npm manifest: 
  {
    "name": "mern-skeleton",
    "version": "2.0.0",
    "description": "A MERN stack skeleton web application",
    "author": "Leoretics",
    "license": "MIT",
    "keywords": [
      "react",
      "express",
      "mongodb",
      "node",
      "mern"
    ],
    "repository": {
      "type": "git",
      "url": "https://github.com/etikos/mern-skeleton.git"
    },
    "homepage": "https://github.com/etikos/mern-skeleton",
    "main": "./dist/server.generated.js",
    "scripts": {
      "development": "nodemon",
      "build": "webpack --config webpack.config.client.production.js && webpack --mode=production --config webpack.config.server.js",
      "start": "NODE_ENV=production node ./dist/server.generated.js"
    },
    "engines": {
      "node": "13.12.0",
      "npm": "8.5.5"
    },
    "devDependencies": {
      "@babel/core": "7.9.0",
      "@babel/preset-env": "7.9.0",
      "@babel/preset-react": "7.9.4",
      "babel-loader": "8.1.0",
      "file-loader": "6.0.0",
      "nodemon": "2.0.2",
      "webpack": "4.42.1",
      "webpack-cli": "3.3.11",
      "webpack-dev-middleware": "3.7.2",
      "webpack-hot-middleware": "2.25.0",
      "webpack-node-externals": "1.7.2"
    },
    "dependencies": {
      "@hot-loader/react-dom": "16.13.0",
      "@material-ui/core": "4.9.8",
      "@material-ui/icons": "4.9.1",
      "body-parser": "1.19.0",
      "compression": "1.7.4",
      "cookie-parser": "1.4.5",
      "cors": "2.8.5",
      "express": "4.17.1",
      "express-jwt": "5.3.1",
      "helmet": "3.22.0",
      "jsonwebtoken": "8.5.1",
      "lodash": "4.17.15",
      "mongoose": "5.9.7",
      "react": "16.13.1",
      "react-dom": "16.13.1",
      "react-hot-loader": "4.12.20",
      "react-router": "5.1.2",
      "react-router-dom": "5.1.2"
    }
  }

yarn manifest: 
  No manifest

Lockfile: 
  No lockfile
